2024/11/12 15:44:50 [info] 733025: 监听8080端口成功!
2024/11/12 15:44:50 [notice] 733026: master process ./nginx 733026 【master进程】启动并开始运行......!
2024/11/12 15:44:51 [notice] 733027: worker process 733027 【worker进程】启动并开始运行......!
2024/11/12 15:44:51 [notice] 733029: worker process 733029 【worker进程】启动并开始运行......!
2024/11/12 15:44:51 [notice] 733031: worker process 733031 【worker进程】启动并开始运行......!
2024/11/12 15:44:51 [notice] 733028: worker process 733028 【worker进程】启动并开始运行......!
2024/11/12 15:44:54 [info] 733549: 监听8080端口成功!
2024/11/12 15:44:54 [notice] 733550: master process ./nginx 733550 【master进程】启动并开始运行......!
2024/11/12 15:44:56 [notice] 733552: worker process 733552 【worker进程】启动并开始运行......!
2024/11/12 15:44:56 [notice] 733551: worker process 733551 【worker进程】启动并开始运行......!
2024/11/12 15:44:56 [notice] 733555: worker process 733555 【worker进程】启动并开始运行......!
2024/11/12 15:44:56 [notice] 733553: worker process 733553 【worker进程】启动并开始运行......!
2024/11/12 15:45:27 [info] 734113: 监听8080端口成功!
2024/11/12 15:45:27 [notice] 734114: master process ./nginx 734114 【master进程】启动并开始运行......!
2024/11/12 15:45:28 [notice] 734117: worker process 734117 【worker进程】启动并开始运行......!
2024/11/12 15:45:28 [notice] 734116: worker process 734116 【worker进程】启动并开始运行......!
2024/11/12 15:45:28 [notice] 734115: worker process 734115 【worker进程】启动并开始运行......!
2024/11/12 15:45:28 [notice] 734119: worker process 734119 【worker进程】启动并开始运行......!
2024/11/12 15:46:29 [stderr] 733029: nginx: ------------------------------------begin--------------------------------------
2024/11/12 15:46:29 [stderr] 733029: nginx: 当前在线人数/总人数(1/2048)。
2024/11/12 15:46:29 [stderr] 733029: nginx: 连接池中空闲连接/总连接/要释放的连接(2046/2048/0)。
2024/11/12 15:46:29 [stderr] 733029: nginx: 当前时间队列大小(1)。
2024/11/12 15:46:29 [stderr] 733029: nginx: 当前收消息队列/发消息队列大小分别为(0/0)，丢弃的待发送数据包数量为0。
2024/11/12 15:46:29 [stderr] 733029: nginx: -------------------------------------end---------------------------------------
